# JRE version: OpenJDK Runtime Environment (17.0.6) (build 17.0.6+0-b2043.56-10027231)
# Java VM: OpenJDK 64-Bit Server VM (17.0.6+0-b2043.56-10027231, mixed mode, tiered, compressed oops, compressed class ptrs, g1 gc, windows-amd64)
GC Precious Log:
 CPUs: 12 total, 12 available
 Memory: 16251M
 Large Page Support: Disabled
 NUMA Support: Disabled
 Compressed Oops: Enabled (32-bit)
 Heap Region Size: 1M
 Heap Min Capacity: 8M
 Heap Initial Capacity: 254M
 Heap Max Capacity: 2G
 Pre-touch: Disabled
 Parallel Workers: 10
 Concurrent Workers: 3
 Concurrent Refinement Workers: 10
 Periodic GC: Disabled
Heap:
 garbage-first heap   total 336896K, used 159613K [0x0000000080000000, 0x0000000100000000)
  region size 1024K, 36 young (36864K), 17 survivors (17408K)
 Metaspace       used 133404K, committed 134464K, reserved 1171456K
  class space    used 18235K, committed 18752K, reserved 1048576K
GC Heap History (20 events):
Event: 9.148 GC heap before
{Heap before GC invocations=51 (full 0):
 garbage-first heap   total 152576K, used 125154K [0x0000000080000000, 0x0000000100000000)
  region size 1024K, 35 young (35840K), 1 survivors (1024K)
 Metaspace       used 101250K, committed 101824K, reserved 1138688K
  class space    used 13741K, committed 14016K, reserved 1048576K
}
Event: 9.151 GC heap after
{Heap after GC invocations=52 (full 0):
 garbage-first heap   total 152576K, used 94434K [0x0000000080000000, 0x0000000100000000)
  region size 1024K, 5 young (5120K), 5 survivors (5120K)
 Metaspace       used 101250K, committed 101824K, reserved 1138688K
  class space    used 13741K, committed 14016K, reserved 1048576K
}
Event: 9.447 GC heap before
{Heap before GC invocations=53 (full 0):
 garbage-first heap   total 165888K, used 125154K [0x0000000080000000, 0x0000000100000000)
  region size 1024K, 35 young (35840K), 5 survivors (5120K)
 Metaspace       used 102102K, committed 102784K, reserved 1138688K
  class space    used 13831K, committed 14144K, reserved 1048576K
}
Event: 9.450 GC heap after
{Heap after GC invocations=54 (full 0):
 garbage-first heap   total 165888K, used 97687K [0x0000000080000000, 0x0000000100000000)
  region size 1024K, 4 young (4096K), 4 survivors (4096K)
 Metaspace       used 102102K, committed 102784K, reserved 1138688K
  class space    used 13831K, committed 14144K, reserved 1048576K
}
Event: 9.504 GC heap before
{Heap before GC invocations=54 (full 0):
 garbage-first heap   total 165888K, used 101783K [0x0000000080000000, 0x0000000100000000)
  region size 1024K, 8 young (8192K), 4 survivors (4096K)
 Metaspace       used 102558K, committed 103232K, reserved 1138688K
  class space    used 13938K, committed 14272K, reserved 1048576K
}
Event: 9.506 GC heap after
{Heap after GC invocations=55 (full 0):
 garbage-first heap   total 165888K, used 97928K [0x0000000080000000, 0x0000000100000000)
  region size 1024K, 1 young (1024K), 1 survivors (1024K)
 Metaspace       used 102558K, committed 103232K, reserved 1138688K
  class space    used 13938K, committed 14272K, reserved 1048576K
}
Event: 9.759 GC heap before
{Heap before GC invocations=55 (full 0):
 garbage-first heap   total 165888K, used 135816K [0x0000000080000000, 0x0000000100000000)
  region size 1024K, 38 young (38912K), 1 survivors (1024K)
 Metaspace       used 104338K, committed 105088K, reserved 1146880K
  class space    used 14225K, committed 14592K, reserved 1048576K
}
Event: 9.762 GC heap after
{Heap after GC invocations=56 (full 0):
 garbage-first heap   total 336896K, used 101966K [0x0000000080000000, 0x0000000100000000)
  region size 1024K, 5 young (5120K), 5 survivors (5120K)
 Metaspace       used 104338K, committed 105088K, reserved 1146880K
  class space    used 14225K, committed 14592K, reserved 1048576K
}
Event: 10.369 GC heap before
{Heap before GC invocations=56 (full 0):
 garbage-first heap   total 336896K, used 259662K [0x0000000080000000, 0x0000000100000000)
  region size 1024K, 160 young (163840K), 5 survivors (5120K)
 Metaspace       used 106478K, committed 107328K, reserved 1146880K
  class space    used 14557K, committed 14976K, reserved 1048576K
}
Event: 10.376 GC heap after
{Heap after GC invocations=57 (full 0):
 garbage-first heap   total 336896K, used 111979K [0x0000000080000000, 0x0000000100000000)
  region size 1024K, 15 young (15360K), 15 survivors (15360K)
 Metaspace       used 106478K, committed 107328K, reserved 1146880K
  class space    used 14557K, committed 14976K, reserved 1048576K
}
Event: 10.756 GC heap before
{Heap before GC invocations=57 (full 0):
 garbage-first heap   total 336896K, used 258411K [0x0000000080000000, 0x0000000100000000)
  region size 1024K, 159 young (162816K), 15 survivors (15360K)
 Metaspace       used 106683K, committed 107456K, reserved 1146880K
  class space    used 14569K, committed 14976K, reserved 1048576K
}
Event: 10.764 GC heap after
{Heap after GC invocations=58 (full 0):
 garbage-first heap   total 336896K, used 119550K [0x0000000080000000, 0x0000000100000000)
  region size 1024K, 18 young (18432K), 18 survivors (18432K)
 Metaspace       used 106683K, committed 107456K, reserved 1146880K
  class space    used 14569K, committed 14976K, reserved 1048576K
}
Event: 792.083 GC heap before
{Heap before GC invocations=58 (full 0):
 garbage-first heap   total 336896K, used 265982K [0x0000000080000000, 0x0000000100000000)
  region size 1024K, 162 young (165888K), 18 survivors (18432K)
 Metaspace       used 108134K, committed 108992K, reserved 1146880K
  class space    used 14741K, committed 15168K, reserved 1048576K
}
Event: 792.091 GC heap after
{Heap after GC invocations=59 (full 0):
 garbage-first heap   total 336896K, used 124053K [0x0000000080000000, 0x0000000100000000)
  region size 1024K, 14 young (14336K), 14 survivors (14336K)
 Metaspace       used 108134K, committed 108992K, reserved 1146880K
  class space    used 14741K, committed 15168K, reserved 1048576K
}
Event: 2510.098 GC heap before
{Heap before GC invocations=59 (full 0):
 garbage-first heap   total 336896K, used 272533K [0x0000000080000000, 0x0000000100000000)
  region size 1024K, 160 young (163840K), 14 survivors (14336K)
 Metaspace       used 108738K, committed 109568K, reserved 1146880K
  class space    used 14772K, committed 15168K, reserved 1048576K
}
Event: 2510.105 GC heap after
{Heap after GC invocations=60 (full 0):
 garbage-first heap   total 336896K, used 129863K [0x0000000080000000, 0x0000000100000000)
  region size 1024K, 12 young (12288K), 12 survivors (12288K)
 Metaspace       used 108738K, committed 109568K, reserved 1146880K
  class space    used 14772K, committed 15168K, reserved 1048576K
}
Event: 2520.588 GC heap before
{Heap before GC invocations=60 (full 0):
 garbage-first heap   total 336896K, used 278343K [0x0000000080000000, 0x0000000100000000)
  region size 1024K, 157 young (160768K), 12 survivors (12288K)
 Metaspace       used 129828K, committed 130816K, reserved 1163264K
  class space    used 17798K, committed 18304K, reserved 1048576K
}
Event: 2520.595 GC heap after
{Heap after GC invocations=61 (full 0):
 garbage-first heap   total 336896K, used 137278K [0x0000000080000000, 0x0000000100000000)
  region size 1024K, 14 young (14336K), 14 survivors (14336K)
 Metaspace       used 129828K, committed 130816K, reserved 1163264K
  class space    used 17798K, committed 18304K, reserved 1048576K
}
Event: 2906.586 GC heap before
{Heap before GC invocations=61 (full 0):
 garbage-first heap   total 336896K, used 298046K [0x0000000080000000, 0x0000000100000000)
  region size 1024K, 152 young (155648K), 14 survivors (14336K)
 Metaspace       used 133059K, committed 134080K, reserved 1171456K
  class space    used 18235K, committed 18752K, reserved 1048576K
}
Event: 2906.594 GC heap after
{Heap after GC invocations=62 (full 0):
 garbage-first heap   total 336896K, used 142205K [0x0000000080000000, 0x0000000100000000)
  region size 1024K, 17 young (17408K), 17 survivors (17408K)
 Metaspace       used 133059K, committed 134080K, reserved 1171456K
  class space    used 18235K, committed 18752K, reserved 1048576K
}

